Determining if the pthread_create exist failed with the following output:
Change Dir: /home/ccpang/web/build-web-Desktop_Qt_5_12_0_GCC_64bit-Debug/CMakeFiles/CMakeTmp

Run Build Command:"/usr/bin/make" "cmTC_02f3c/fast"
/usr/bin/make -f CMakeFiles/cmTC_02f3c.dir/build.make CMakeFiles/cmTC_02f3c.dir/build
make[1]: Entering directory '/home/ccpang/web/build-web-Desktop_Qt_5_12_0_GCC_64bit-Debug/CMakeFiles/CMakeTmp'
Building C object CMakeFiles/cmTC_02f3c.dir/CheckSymbolExists.c.o
/usr/bin/gcc    -o CMakeFiles/cmTC_02f3c.dir/CheckSymbolExists.c.o   -c /home/ccpang/web/build-web-Desktop_Qt_5_12_0_GCC_64bit-Debug/CMakeFiles/CMakeTmp/CheckSymbolExists.c
Linking C executable cmTC_02f3c
/usr/bin/cmake -E cmake_link_script CMakeFiles/cmTC_02f3c.dir/link.txt --verbose=1
/usr/bin/gcc      -rdynamic CMakeFiles/cmTC_02f3c.dir/CheckSymbolExists.c.o  -o cmTC_02f3c 
CMakeFiles/cmTC_02f3c.dir/CheckSymbolExists.c.o: In function `main':
CheckSymbolExists.c:(.text+0x1b): undefined reference to `pthread_create'
collect2: error: ld returned 1 exit status
CMakeFiles/cmTC_02f3c.dir/build.make:97: recipe for target 'cmTC_02f3c' failed
make[1]: *** [cmTC_02f3c] Error 1
make[1]: Leaving directory '/home/ccpang/web/build-web-Desktop_Qt_5_12_0_GCC_64bit-Debug/CMakeFiles/CMakeTmp'
Makefile:126: recipe for target 'cmTC_02f3c/fast' failed
make: *** [cmTC_02f3c/fast] Error 2

File /home/ccpang/web/build-web-Desktop_Qt_5_12_0_GCC_64bit-Debug/CMakeFiles/CMakeTmp/CheckSymbolExists.c:
/* */
#include <pthread.h>

int main(int argc, char** argv)
{
  (void)argv;
#ifndef pthread_create
  return ((int*)(&pthread_create))[argc];
#else
  (void)argc;
  return 0;
#endif
}

Determining if the function pthread_create exists in the pthreads failed with the following output:
Change Dir: /home/ccpang/web/build-web-Desktop_Qt_5_12_0_GCC_64bit-Debug/CMakeFiles/CMakeTmp

Run Build Command:"/usr/bin/make" "cmTC_637e2/fast"
/usr/bin/make -f CMakeFiles/cmTC_637e2.dir/build.make CMakeFiles/cmTC_637e2.dir/build
make[1]: Entering directory '/home/ccpang/web/build-web-Desktop_Qt_5_12_0_GCC_64bit-Debug/CMakeFiles/CMakeTmp'
Building C object CMakeFiles/cmTC_637e2.dir/CheckFunctionExists.c.o
/usr/bin/gcc   -DCHECK_FUNCTION_EXISTS=pthread_create   -o CMakeFiles/cmTC_637e2.dir/CheckFunctionExists.c.o   -c /usr/share/cmake-3.10/Modules/CheckFunctionExists.c
Linking C executable cmTC_637e2
/usr/bin/cmake -E cmake_link_script CMakeFiles/cmTC_637e2.dir/link.txt --verbose=1
/usr/bin/gcc  -DCHECK_FUNCTION_EXISTS=pthread_create    -rdynamic CMakeFiles/cmTC_637e2.dir/CheckFunctionExists.c.o  -o cmTC_637e2 -lpthreads 
/usr/bin/ld: cannot find -lpthreads
collect2: error: ld returned 1 exit status
CMakeFiles/cmTC_637e2.dir/build.make:97: recipe for target 'cmTC_637e2' failed
make[1]: *** [cmTC_637e2] Error 1
make[1]: Leaving directory '/home/ccpang/web/build-web-Desktop_Qt_5_12_0_GCC_64bit-Debug/CMakeFiles/CMakeTmp'
Makefile:126: recipe for target 'cmTC_637e2/fast' failed
make: *** [cmTC_637e2/fast] Error 2


